This is pdfTeX, Version 3.14159265-2.6-1.40.21 (TeX Live 2020) (preloaded format=latex 2020.10.7)  21 OCT 2025 08:40
entering extended mode
 restricted \write18 enabled.
 %&-line parsing enabled.
**\makeatletter\def\HCode{\futurelet\HCode\HChar}\def\HChar{\ifx"\HCode\def\HCo
de"##1"{\Link##1}\expandafter\HCode\else\expandafter\Link\fi}\def\Link#1.a.b.c.
{\g@addto@macro\@documentclasshook{\RequirePackage[#1,html]{tex4ht}}\let\HCode\
documentstyle\def\documentstyle{\let\documentstyle\HCode\expandafter\def\csname
 tex4ht\endcsname{#1,html}\def\HCode####1{\documentstyle[tex4ht,}\@ifnextchar[{
\HCode}{\documentstyle[tex4ht]}}}\makeatother\HCode config.cfg,mathml,charset=u
tf-8,html5.a.b.c.\input "\detokenize{my_pub.tex}"
(./my_pub.tex (/usr/local/texlive/2020/texmf-dist/tex/latex/base/article.cls
Document Class: article 2019/12/20 v1.4l Standard LaTeX document class
(/usr/local/texlive/2020/texmf-dist/tex/latex/base/size10.clo
File: size10.clo 2019/12/20 v1.4l Standard LaTeX file (size option)
)
\c@part=\count167
\c@section=\count168
\c@subsection=\count169
\c@subsubsection=\count170
\c@paragraph=\count171
\c@subparagraph=\count172
\c@figure=\count173
\c@table=\count174
\abovecaptionskip=\skip47
\belowcaptionskip=\skip48
\bibindent=\dimen134
) (/usr/local/texlive/2020/texmf-dist/tex/generic/tex4ht/tex4ht.sty
version 2020-02-18-14:17
Package: tex4ht 
--------------------------------------
--- Note --- for _ at preamble, use the command line option `early_'
--------------------------------------
--------------------------------------
--- Note --- for ^ at preamble, use the command line option `early^'
--------------------------------------
\tmp:toks=\toks15
) (/usr/local/texlive/2020/texmf-dist/tex/generic/tex4ht/usepackage.4ht
version 2020-03-12-14:03
) (/usr/local/texlive/2020/texmf-dist/tex/latex/amsfonts/amssymb.sty
Package: amssymb 2013/01/14 v3.01 AMS font symbols
(/usr/local/texlive/2020/texmf-dist/tex/latex/amsfonts/amsfonts.sty
Package: amsfonts 2013/01/14 v3.01 Basic AMSFonts support
\@emptytoks=\toks16
\symAMSa=\mathgroup4
\symAMSb=\mathgroup5
LaTeX Font Info:    Redeclaring math symbol \hbar on input line 98.
LaTeX Font Info:    Overwriting math alphabet `\mathfrak' in version `bold'
(Font)                  U/euf/m/n --> U/euf/b/n on input line 106.
)) (/usr/local/texlive/2020/texmf-dist/tex/generic/tex4ht/usepackage.4ht
version 2020-03-12-14:03
) (/usr/local/texlive/2020/texmf-dist/tex/latex/biblatex/biblatex.sty
Package: biblatex 2019/12/01 v3.14 programmable bibliographies (PK/MW)
(/usr/local/texlive/2020/texmf-dist/tex/latex/pdftexcmds/pdftexcmds.sty
Package: pdftexcmds 2019/11/24 v0.31 Utility functions of pdfTeX for LuaTeX (HO
)
(/usr/local/texlive/2020/texmf-dist/tex/generic/infwarerr/infwarerr.sty
Package: infwarerr 2019/12/03 v1.5 Providing info/warning/error messages (HO)
) (/usr/local/texlive/2020/texmf-dist/tex/generic/iftex/iftex.sty
Package: iftex 2020/03/06 v1.0d TeX engine tests
) (/usr/local/texlive/2020/texmf-dist/tex/generic/ltxcmds/ltxcmds.sty
Package: ltxcmds 2019/12/15 v1.24 LaTeX kernel commands for general use (HO)
)
Package pdftexcmds Info: \pdf@primitive is available.
Package pdftexcmds Info: \pdf@ifprimitive is available.
Package pdftexcmds Info: \pdfdraftmode is ignored in DVI mode.
) (/usr/local/texlive/2020/texmf-dist/tex/latex/etoolbox/etoolbox.sty
Package: etoolbox 2019/09/21 v2.5h e-TeX tools for LaTeX (JAW)
\etb@tempcnta=\count175
) (/usr/local/texlive/2020/texmf-dist/tex/latex/graphics/keyval.sty
Package: keyval 2014/10/28 v1.15 key=value parser (DPC)
\KV@toks@=\toks17
) (/usr/local/texlive/2020/texmf-dist/tex/latex/kvoptions/kvoptions.sty
Package: kvoptions 2019/11/29 v3.13 Key value format for package options (HO)
(/usr/local/texlive/2020/texmf-dist/tex/generic/kvsetkeys/kvsetkeys.sty
Package: kvsetkeys 2019/12/15 v1.18 Key value parser (HO)
)) (/usr/local/texlive/2020/texmf-dist/tex/latex/logreq/logreq.sty
Package: logreq 2010/08/04 v1.0 xml request logger
\lrq@indent=\count176
(/usr/local/texlive/2020/texmf-dist/tex/latex/logreq/logreq.def
File: logreq.def 2010/08/04 v1.0 logreq spec v1.0
)) (/usr/local/texlive/2020/texmf-dist/tex/latex/base/ifthen.sty
Package: ifthen 2014/09/29 v1.1c Standard LaTeX ifthen package (DPC)
) (/usr/local/texlive/2020/texmf-dist/tex/latex/url/url.sty
\Urlmuskip=\muskip16
Package: url 2013/09/16  ver 3.4  Verb mode for urls, etc.
)
\c@tabx@nest=\count177
\c@listtotal=\count178
\c@listcount=\count179
\c@liststart=\count180
\c@liststop=\count181
\c@citecount=\count182
\c@citetotal=\count183
\c@multicitecount=\count184
\c@multicitetotal=\count185
\c@instcount=\count186
\c@maxnames=\count187
\c@minnames=\count188
\c@maxitems=\count189
\c@minitems=\count190
\c@citecounter=\count191
\c@maxcitecounter=\count192
\c@savedcitecounter=\count193
\c@uniquelist=\count194
\c@uniquename=\count195
\c@refsection=\count196
\c@refsegment=\count197
\c@maxextratitle=\count198
\c@maxextratitleyear=\count199
\c@maxextraname=\count266
\c@maxextradate=\count267
\c@maxextraalpha=\count268
\c@abbrvpenalty=\count269
\c@highnamepenalty=\count270
\c@lownamepenalty=\count271
\c@maxparens=\count272
\c@parenlevel=\count273
\blx@tempcnta=\count274
\blx@tempcntb=\count275
\blx@tempcntc=\count276
\blx@maxsection=\count277
\blx@maxsegment@0=\count278
\blx@notetype=\count279
\blx@parenlevel@text=\count280
\blx@parenlevel@foot=\count281
\blx@sectionciteorder@0=\count282
\blx@entrysetcounter=\count283
\labelnumberwidth=\skip49
\labelalphawidth=\skip50
\biblabelsep=\skip51
\bibitemsep=\skip52
\bibnamesep=\skip53
\bibinitsep=\skip54
\bibparsep=\skip55
\bibhang=\skip56
\blx@bcfin=\read2
\blx@bcfout=\write3
\blx@langwohyphens=\language86
\c@mincomprange=\count284
\c@maxcomprange=\count285
\c@mincompwidth=\count286
Package biblatex Info: Trying to load biblatex default data model...
Package biblatex Info: ... file 'blx-dm.def' found.
(/usr/local/texlive/2020/texmf-dist/tex/latex/biblatex/blx-dm.def
File: blx-dm.def 2019/12/01 v3.14 biblatex localization (PK/MW)
)
Package biblatex Info: Trying to load biblatex style data model...
Package biblatex Info: ... file 'numeric.dbx' not found.
Package biblatex Info: Trying to load biblatex custom data model...
Package biblatex Info: ... file 'biblatex-dm.cfg' not found.
\c@afterword=\count287
\c@savedafterword=\count288
\c@annotator=\count289
\c@savedannotator=\count290
\c@author=\count291
\c@savedauthor=\count292
\c@bookauthor=\count293
\c@savedbookauthor=\count294
\c@commentator=\count295
\c@savedcommentator=\count296
\c@editor=\count297
\c@savededitor=\count298
\c@editora=\count299
\c@savededitora=\count300
\c@editorb=\count301
\c@savededitorb=\count302
\c@editorc=\count303
\c@savededitorc=\count304
\c@foreword=\count305
\c@savedforeword=\count306
\c@holder=\count307
\c@savedholder=\count308
\c@introduction=\count309
\c@savedintroduction=\count310
\c@namea=\count311
\c@savednamea=\count312
\c@nameb=\count313
\c@savednameb=\count314
\c@namec=\count315
\c@savednamec=\count316
\c@translator=\count317
\c@savedtranslator=\count318
\c@shortauthor=\count319
\c@savedshortauthor=\count320
\c@shorteditor=\count321
\c@savedshorteditor=\count322
\c@labelname=\count323
\c@savedlabelname=\count324
\c@institution=\count325
\c@savedinstitution=\count326
\c@lista=\count327
\c@savedlista=\count328
\c@listb=\count329
\c@savedlistb=\count330
\c@listc=\count331
\c@savedlistc=\count332
\c@listd=\count333
\c@savedlistd=\count334
\c@liste=\count335
\c@savedliste=\count336
\c@listf=\count337
\c@savedlistf=\count338
\c@location=\count339
\c@savedlocation=\count340
\c@organization=\count341
\c@savedorganization=\count342
\c@origlocation=\count343
\c@savedoriglocation=\count344
\c@origpublisher=\count345
\c@savedorigpublisher=\count346
\c@publisher=\count347
\c@savedpublisher=\count348
\c@language=\count349
\c@savedlanguage=\count350
\c@origlanguage=\count351
\c@savedoriglanguage=\count352
\c@pageref=\count353
\c@savedpageref=\count354
\shorthandwidth=\skip57
\shortjournalwidth=\skip58
\shortserieswidth=\skip59
\shorttitlewidth=\skip60
\shortauthorwidth=\skip61
\shorteditorwidth=\skip62
\locallabelnumberwidth=\skip63
\locallabelalphawidth=\skip64
\localshorthandwidth=\skip65
\localshortjournalwidth=\skip66
\localshortserieswidth=\skip67
\localshorttitlewidth=\skip68
\localshortauthorwidth=\skip69
\localshorteditorwidth=\skip70
Package biblatex Info: Trying to load compatibility code...
Package biblatex Info: ... file 'blx-compat.def' found.
(/usr/local/texlive/2020/texmf-dist/tex/latex/biblatex/blx-compat.def
File: blx-compat.def 2019/12/01 v3.14 biblatex compatibility (PK/MW)
)
Package biblatex Info: Trying to load generic definitions...
Package biblatex Info: ... file 'biblatex.def' found.
(/usr/local/texlive/2020/texmf-dist/tex/latex/biblatex/biblatex.def
File: biblatex.def 2019/12/01 v3.14 biblatex compatibility (PK/MW)
\c@textcitecount=\count355
\c@textcitetotal=\count356
\c@textcitemaxnames=\count357
\c@biburlbigbreakpenalty=\count358
\c@biburlbreakpenalty=\count359
\c@biburlnumpenalty=\count360
\c@biburlucpenalty=\count361
\c@biburllcpenalty=\count362
\biburlbigskip=\muskip17
\biburlnumskip=\muskip18
\biburlucskip=\muskip19
\biburllcskip=\muskip20
\c@smartand=\count363
)
Package biblatex Info: Trying to load bibliography style 'numeric'...
Package biblatex Info: ... file 'numeric.bbx' found.
(/usr/local/texlive/2020/texmf-dist/tex/latex/biblatex/bbx/numeric.bbx
File: numeric.bbx 2019/12/01 v3.14 biblatex bibliography style (PK/MW)
Package biblatex Info: Trying to load bibliography style 'standard'...
Package biblatex Info: ... file 'standard.bbx' found.
(/usr/local/texlive/2020/texmf-dist/tex/latex/biblatex/bbx/standard.bbx
File: standard.bbx 2019/12/01 v3.14 biblatex bibliography style (PK/MW)
\c@bbx:relatedcount=\count364
\c@bbx:relatedtotal=\count365
))
Package biblatex Info: Trying to load citation style 'numeric'...
Package biblatex Info: ... file 'numeric.cbx' found.
(/usr/local/texlive/2020/texmf-dist/tex/latex/biblatex/cbx/numeric.cbx
File: numeric.cbx 2019/12/01 v3.14 biblatex citation style (PK/MW)
Package biblatex Info: Redefining '\cite'.
Package biblatex Info: Redefining '\parencite'.
Package biblatex Info: Redefining '\footcite'.
Package biblatex Info: Redefining '\footcitetext'.
Package biblatex Info: Redefining '\smartcite'.
Package biblatex Info: Redefining '\supercite'.
Package biblatex Info: Redefining '\textcite'.
Package biblatex Info: Redefining '\textcites'.
Package biblatex Info: Redefining '\cites'.
Package biblatex Info: Redefining '\parencites'.
Package biblatex Info: Redefining '\smartcites'.
)
Package biblatex Info: Trying to load configuration file...
Package biblatex Info: ... file 'biblatex.cfg' found.
(/usr/local/texlive/2020/texmf-dist/tex/latex/biblatex/biblatex.cfg
File: biblatex.cfg 
))
\@quotelevel=\count366
\@quotereset=\count367
(./config.cfg (/usr/local/texlive/2020/texmf-dist/tex/generic/tex4ht/tex4ht.4ht
version 2020-03-12-14:03
--------------------------------------
--- Note --- for additional information, use the command line option `info'
--------------------------------------
::::::::::::::::::::::::::::::::::::::::::
 TeX4ht info is available in the log file 
::::::::::::::::::::::::::::::::::::::::::
) (/usr/local/texlive/2020/texmf-dist/tex/generic/tex4ht/tex4ht.sty
version 2020-02-18-14:17
--- needs --- tex4ht my_pub ---
\tmp:cnt=\count368
\openout15 = `my_pub.tmp'.

(./my_pub.tmp)
\tmp:dim=\skip71
(./my_pub.xref)
\:refout=\write4
\openout4 = `my_pub.xref'.

(/usr/local/texlive/2020/texmf-dist/tex/generic/tex4ht/html4.4ht
version 2020-03-16-10:43
--------------------------------------
--- Note --- to remove the <?xml version=...?> processing instruction use the c
ommand line option `no-VERSION'
--------------------------------------
--------------------------------------
--- Note --- to remove the DOCTYPE declaration use the command line option `no-
DOCTYPE'
--------------------------------------
) (/usr/local/texlive/2020/texmf-dist/tex/generic/tex4ht/unicode.4ht
version 2019-12-28-14:40
) (/usr/local/texlive/2020/texmf-dist/tex/generic/tex4ht/mathml.4ht
version 2020-02-28-14:58
) (/usr/local/texlive/2020/texmf-dist/tex/generic/tex4ht/html-mml.4ht
version 2020-03-06-15:07
) (/usr/local/texlive/2020/texmf-dist/tex/generic/tex4ht/html5.4ht
version 2019-11-21-13:36
)
--------------------------------------
--- Note --- for marking of the base font, use the command line option `fonts+'

--------------------------------------
--------------------------------------
--- Note --- for non active _, use the command line option `no_'
--------------------------------------
--------------------------------------
--- Note --- for _ of catcode 13, use the command line option `_13'
--------------------------------------
--------------------------------------
--- Note --- for non active ^, use the command line option `no^'
--------------------------------------
--------------------------------------
--- Note --- for ^ of catcode 13, use the command line option `^13'
--------------------------------------
(/usr/local/texlive/2020/texmf-dist/tex/generic/tex4ht/html4.4ht
version 2020-03-16-10:43
--------------------------------------
--- Note --- to ignore CSS font decoration, use the `NoFonts' command line opti
on
--------------------------------------
--------------------------------------
--- Note --- for jpg bitmaps of pictures, use the `jpg' command line option. (C
haracter bitmaps are controled only by `g' records of tex4ht.env and `-g' switc
hes of tex4ht.c) 
--------------------------------------
--------------------------------------
--- Note --- for gif bitmaps of pictures, use the `gif' command line option. (C
haracter bitmaps are controled only by `g' records of tex4ht.env and `-g' switc
hes of tex4ht.c) 
--------------------------------------
--------------------------------------
--- Note --- for content and toc in 2 frames, use the command line option `fram
es'
--------------------------------------
--------------------------------------
--- Note --- for content, toc, and footnotes in 3 frames, use the command line 
option `frames-fn'
--------------------------------------
--------------------------------------
--- Note --- for file extension name xht, use the command line option `xht'
--------------------------------------
TeX4ht package options: mathml,charset=utf-8,html5,html,xhtml
--------------------------------------
--- Note --- To print a timestamp, use the command line option timestamp
--------------------------------------
--------------------------------------
--- Note --- to ignore CSS code, use the command line option `-css
--------------------------------------
--------------------------------------
--- Note --- for inline CSS code, use the command line option `css-in'
--------------------------------------
--------------------------------------
--- Note --- for pop ups on mouse over, use the command line option `mouseover'

--------------------------------------
--------------------------------------
--- Note --- for addressing images in a subdirectory, use the command line opti
on `imgdir:.../'
--------------------------------------
) (/usr/local/texlive/2020/texmf-dist/tex/generic/tex4ht/unicode.4ht
version 2019-12-28-14:40
) (/usr/local/texlive/2020/texmf-dist/tex/generic/tex4ht/mathml.4ht
version 2020-02-28-14:58
) (/usr/local/texlive/2020/texmf-dist/tex/generic/tex4ht/html-mml.4ht
version 2020-03-06-15:07
) (/usr/local/texlive/2020/texmf-dist/tex/generic/tex4ht/html5.4ht
version 2019-11-21-13:36
--------------------------------------
--- Note --- To print a timestamp, use the command line option timestamp
--------------------------------------
)
\:tokwrite=\toks18
\:tokpage=\toks19
--------------------------------------
--- Note --- for back links to toc, use the command line option `sections+'
--------------------------------------
--------------------------------------
--- Note --- for linear crosslinks of pages, use the command line option `next'

--------------------------------------
\openout15 = `my_pub.4ct'.

\:tocout=\write5
\openout5 = `my_pub.4tc'.

(/usr/local/texlive/2020/texmf-dist/tex/generic/tex4ht/html4.4ht
version 2020-03-16-10:43
) (/usr/local/texlive/2020/texmf-dist/tex/generic/tex4ht/unicode.4ht
version 2019-12-28-14:40
) (/usr/local/texlive/2020/texmf-dist/tex/generic/tex4ht/mathml.4ht
version 2020-02-28-14:58
) (/usr/local/texlive/2020/texmf-dist/tex/generic/tex4ht/html-mml.4ht
version 2020-03-06-15:07
) (/usr/local/texlive/2020/texmf-dist/tex/generic/tex4ht/html5.4ht
version 2019-11-21-13:36
) (/usr/local/texlive/2020/texmf-dist/tex/generic/tex4ht/latex.4ht
version 2020-02-26-14:25
LaTeX Info: Redefining \_ on input line 168.
--------------------------------------
--- Note --- for links into captions, instead of float heads, use the command l
ine option `refcaption'
--------------------------------------
(/usr/local/texlive/2020/texmf-dist/tex/generic/tex4ht/html4.4ht
version 2020-03-16-10:43
) (/usr/local/texlive/2020/texmf-dist/tex/generic/tex4ht/unicode.4ht
version 2019-12-28-14:40
) (/usr/local/texlive/2020/texmf-dist/tex/generic/tex4ht/mathml.4ht
version 2020-02-28-14:58
) (/usr/local/texlive/2020/texmf-dist/tex/generic/tex4ht/html-mml.4ht
version 2020-03-06-15:07
) (/usr/local/texlive/2020/texmf-dist/tex/generic/tex4ht/html5.4ht
version 2019-11-21-13:36
) (/usr/local/texlive/2020/texmf-dist/tex/generic/tex4ht/html4.4ht
version 2020-03-16-10:43
--------------------------------------
--- Note --- For mini tocs immediately aftter the header use the command line o
ption `minitoc<'
--------------------------------------
--------------------------------------
--- Note --- for enumerated list elements with valued data, use the command lin
e option `enumerate+'
--------------------------------------
--------------------------------------
--- Note --- for enumerated list elements li's with value attributes, use the c
ommand line option `enumerate-'
--------------------------------------
--------------------------------------
--- Note --- for CSS2 code, use the command line option `css2'
--------------------------------------
--------------------------------------
--- Note --- for pictorial tabular, use the command line option `pic-tabular'
--------------------------------------
--------------------------------------
--- Note --- for bitmap fbox'es, use the command line option `pic-fbox'
--------------------------------------
--------------------------------------
--- Note --- for bitmap framebox'es, use the command line option `pic-framebox'

--------------------------------------
--------------------------------------
--- Note --- for inline footnotes use command line option `fn-in'
--------------------------------------
--------------------------------------
--- Note --- for tracing of latex font commands, use the command line option `f
onts'
--------------------------------------
--------------------------------------
--- Note --- for width specifications of tabular p entries, use the `p-width' c
ommand line option or a configuration similar to \Configure{HColWidth}{\HCode{ 
style="width:\HColWidth"}}
--------------------------------------
) (/usr/local/texlive/2020/texmf-dist/tex/generic/tex4ht/unicode.4ht
version 2019-12-28-14:40
) (/usr/local/texlive/2020/texmf-dist/tex/generic/tex4ht/mathml.4ht
version 2020-02-28-14:58
) (/usr/local/texlive/2020/texmf-dist/tex/generic/tex4ht/html-mml.4ht
version 2020-03-06-15:07
) (/usr/local/texlive/2020/texmf-dist/tex/generic/tex4ht/html5.4ht
version 2019-11-21-13:36
)) (/usr/local/texlive/2020/texmf-dist/tex/generic/tex4ht/fontmath.4ht
version 2018-11-06-15:55
(/usr/local/texlive/2020/texmf-dist/tex/generic/tex4ht/html4.4ht
version 2020-03-16-10:43
) (/usr/local/texlive/2020/texmf-dist/tex/generic/tex4ht/unicode.4ht
version 2019-12-28-14:40
) (/usr/local/texlive/2020/texmf-dist/tex/generic/tex4ht/mathml.4ht
version 2020-02-28-14:58
\tmp:bx=\box45
[1

\@writefile{toc}{\boolfalse {citerequest}\boolfalse {citetracker}\boolfalse {pa
getracker}\boolfalse {backtracker}\relax }
\@writefile{lof}{\boolfalse {citerequest}\boolfalse {citetracker}\boolfalse {pa
getracker}\boolfalse {backtracker}\relax }
\@writefile{lot}{\boolfalse {citerequest}\boolfalse {citetracker}\boolfalse {pa
getracker}\boolfalse {backtracker}\relax }
]
LaTeX Font Info:    Trying to load font information for U+msa on input line 139
7.
(/usr/local/texlive/2020/texmf-dist/tex/latex/amsfonts/umsa.fd
File: umsa.fd 2013/01/14 v3.01 AMS symbols A
)
LaTeX Font Info:    Trying to load font information for U+msb on input line 139
7.
(/usr/local/texlive/2020/texmf-dist/tex/latex/amsfonts/umsb.fd
File: umsb.fd 2013/01/14 v3.01 AMS symbols B
) [2] [3] [4] [5] [6] [7] [8] [9] [10] [11] [12] [13] [14] [15] [16] [17] [18] 
[19] [20] [21] [22] [23] [24] [25] [26] [27] [28] [29] [30] [31] [32] [33] [34]
[35] [36] [37] [38] [39] [40] [41] [42] [43] [44] [45] [46] [47] [48]
--------------------------------------
--- Note --- for sources failing to produce clean mathml code, try the command 
line option `mathml-'
--------------------------------------
[49] [50] [51] [52] [53]) (/usr/local/texlive/2020/texmf-dist/tex/generic/tex4h
t/html-mml.4ht
version 2020-03-06-15:07
) (/usr/local/texlive/2020/texmf-dist/tex/generic/tex4ht/html5.4ht
version 2019-11-21-13:36
)) (/usr/local/texlive/2020/texmf-dist/tex/generic/tex4ht/article.4ht (/usr/loc
al/texlive/2020/texmf-dist/tex/generic/tex4ht/html4.4ht
version 2020-03-16-10:43
--------------------------------------
--- Note --- for automatic sectioning pagination, use the command line option `
1', `2', `3', '4', '5', '6', or '7'
--------------------------------------
--------------------------------------
--- Note --- for files named derived from section titles, use the command line 
option `sec-filename'
--------------------------------------
--------------------------------------
--- Note --- for i-columns index, use the command line option `index=i' (e.g., 
index=2)
--------------------------------------
) (/usr/local/texlive/2020/texmf-dist/tex/generic/tex4ht/unicode.4ht
version 2019-12-28-14:40
) (/usr/local/texlive/2020/texmf-dist/tex/generic/tex4ht/mathml.4ht
version 2020-02-28-14:58
) (/usr/local/texlive/2020/texmf-dist/tex/generic/tex4ht/html-mml.4ht
version 2020-03-06-15:07
) (/usr/local/texlive/2020/texmf-dist/tex/generic/tex4ht/html5.4ht
version 2019-11-21-13:36
)) (/usr/local/texlive/2020/texmf-dist/tex/generic/tex4ht/amssymb.4ht
version 2009-05-21-09:32
(/usr/local/texlive/2020/texmf-dist/tex/generic/tex4ht/html4.4ht
version 2020-03-16-10:43
) (/usr/local/texlive/2020/texmf-dist/tex/generic/tex4ht/unicode.4ht
version 2019-12-28-14:40
) (/usr/local/texlive/2020/texmf-dist/tex/generic/tex4ht/mathml.4ht
version 2020-02-28-14:58
[54] [55] [56] [57] [58] [59] [60] [61] [62] [63] [64] [65] [66] [67] [68] [69]
[70] [71] [72] [73] [74] [75] [76] [77] [78] [79] [80] [81] [82] [83] [84] [85]
[86] [87] [88] [89] [90] [91] [92] [93] [94] [95] [96] [97] [98] [99] [100] [10
1] [102] [103] [104] [105] [106] [107] [108] [109] [110] [111] [112] [113] [114
] [115] [116] [117] [118] [119] [120] [121] [122] [123] [124] [125] [126] [127]
[128] [129] [130] [131] [132] [133] [134] [135] [136] [137] [138] [139] [140] [
141] [142] [143] [144] [145] [146] [147] [148] [149] [150] [151] [152] [153] [1
54] [155] [156] [157] [158] [159] [160] [161] [162] [163] [164] [165] [166] [16
7] [168] [169] [170] [171] [172] [173] [174] [175] [176] [177] [178] [179] [180
] [181] [182] [183] [184] [185] [186] [187] [188] [189] [190] [191] [192] [193]
[194] [195] [196] [197] [198] [199] [200] [201] [202] [203] [204] [205] [206] [
207] [208] [209] [210] [211] [212] [213] [214] [215] [216] [217] [218] [219] [2
20] [221] [222] [223] [224] [225] [226] [227] [228] [229] [230] [231] [232] [23
3] [234] [235] [236] [237] [238] [239] [240] [241] [242] [243] [244] [245] [246
] [247] [248] [249] [250] [251] [252] [253] [254] [255] [256] [257]) (/usr/loca
l/texlive/2020/texmf-dist/tex/generic/tex4ht/html-mml.4ht
version 2020-03-06-15:07
) (/usr/local/texlive/2020/texmf-dist/tex/generic/tex4ht/html5.4ht
version 2019-11-21-13:36
)) (/usr/local/texlive/2020/texmf-dist/tex/generic/tex4ht/amsfonts.4ht
version 2009-05-21-09:32
(/usr/local/texlive/2020/texmf-dist/tex/generic/tex4ht/html4.4ht
version 2020-03-16-10:43
) (/usr/local/texlive/2020/texmf-dist/tex/generic/tex4ht/unicode.4ht
version 2019-12-28-14:40
) (/usr/local/texlive/2020/texmf-dist/tex/generic/tex4ht/mathml.4ht
version 2020-02-28-14:58
) (/usr/local/texlive/2020/texmf-dist/tex/generic/tex4ht/html-mml.4ht
version 2020-03-06-15:07
) (/usr/local/texlive/2020/texmf-dist/tex/generic/tex4ht/html5.4ht
version 2019-11-21-13:36
)) (/usr/local/texlive/2020/texmf-dist/tex/generic/tex4ht/biblatex.4ht
version 2019-12-20-14:01
\sv:sec:cnt=\count369
\c@bib=\count370
LaTeX Info: Redefining \MakeUppercase on input line 202.
LaTeX Info: Redefining \MakeLowercase on input line 210.
\blx@unitmark=\skip72
(/usr/local/texlive/2020/texmf-dist/tex/generic/tex4ht/html4.4ht
version 2020-03-16-10:43
) (/usr/local/texlive/2020/texmf-dist/tex/generic/tex4ht/unicode.4ht
version 2019-12-28-14:40
) (/usr/local/texlive/2020/texmf-dist/tex/generic/tex4ht/mathml.4ht
version 2020-02-28-14:58
) (/usr/local/texlive/2020/texmf-dist/tex/generic/tex4ht/html-mml.4ht
version 2020-03-06-15:07
) (/usr/local/texlive/2020/texmf-dist/tex/generic/tex4ht/html5.4ht
version 2019-11-21-13:36
)) (/usr/local/texlive/2020/texmf-dist/tex/generic/tex4ht/ifthen.4ht
version 2009-05-21-09:32
(/usr/local/texlive/2020/texmf-dist/tex/generic/tex4ht/html4.4ht
version 2020-03-16-10:43
) (/usr/local/texlive/2020/texmf-dist/tex/generic/tex4ht/unicode.4ht
version 2019-12-28-14:40
) (/usr/local/texlive/2020/texmf-dist/tex/generic/tex4ht/mathml.4ht
version 2020-02-28-14:58
) (/usr/local/texlive/2020/texmf-dist/tex/generic/tex4ht/html-mml.4ht
version 2020-03-06-15:07
) (/usr/local/texlive/2020/texmf-dist/tex/generic/tex4ht/html5.4ht
version 2019-11-21-13:36
)) (/usr/local/texlive/2020/texmf-dist/tex/generic/tex4ht/url.4ht
version 2009-05-21-09:32
(/usr/local/texlive/2020/texmf-dist/tex/generic/tex4ht/html4.4ht
version 2020-03-16-10:43
--------------------------------------
--- Note --- for URL encoding within href use the command line option `url-enc'

--------------------------------------
) (/usr/local/texlive/2020/texmf-dist/tex/generic/tex4ht/unicode.4ht
version 2019-12-28-14:40
) (/usr/local/texlive/2020/texmf-dist/tex/generic/tex4ht/mathml.4ht
version 2020-02-28-14:58
) (/usr/local/texlive/2020/texmf-dist/tex/generic/tex4ht/html-mml.4ht
version 2020-03-06-15:07
) (/usr/local/texlive/2020/texmf-dist/tex/generic/tex4ht/html5.4ht
version 2019-11-21-13:36
)) (/usr/local/texlive/2020/texmf-dist/tex/generic/tex4ht/html4.4ht
version 2020-03-16-10:43
) (/usr/local/texlive/2020/texmf-dist/tex/generic/tex4ht/unicode.4ht
version 2019-12-28-14:40
) (/usr/local/texlive/2020/texmf-dist/tex/generic/tex4ht/mathml.4ht
version 2020-02-28-14:58
) (/usr/local/texlive/2020/texmf-dist/tex/generic/tex4ht/html-mml.4ht
version 2020-03-06-15:07
) (/usr/local/texlive/2020/texmf-dist/tex/generic/tex4ht/html5.4ht
version 2019-11-21-13:36
)) (/usr/local/texlive/2020/texmf-dist/tex/latex/l3backend/l3backend-dvips.def
File: l3backend-dvips.def 2020-03-12 L3 backend support: dvips
\l__pdf_internal_box=\box46
\g__pdf_backend_object_int=\count371
\l__pdf_backend_content_box=\box47
\l__pdf_backend_model_box=\box48
\g__pdf_backend_annotation_int=\count372
\g__pdf_backend_link_int=\count373
\g__pdf_backend_link_sf_int=\count374
) (./my_pub.aux)
\openout1 = `my_pub.aux'.

LaTeX Font Info:    Checking defaults for OML/cmm/m/it on input line 22.
LaTeX Font Info:    ... okay on input line 22.
LaTeX Font Info:    Checking defaults for OMS/cmsy/m/n on input line 22.
LaTeX Font Info:    ... okay on input line 22.
LaTeX Font Info:    Checking defaults for OT1/cmr/m/n on input line 22.
LaTeX Font Info:    ... okay on input line 22.
LaTeX Font Info:    Checking defaults for T1/cmr/m/n on input line 22.
LaTeX Font Info:    ... okay on input line 22.
LaTeX Font Info:    Checking defaults for TS1/cmr/m/n on input line 22.
LaTeX Font Info:    ... okay on input line 22.
LaTeX Font Info:    Checking defaults for OMX/cmex/m/n on input line 22.
LaTeX Font Info:    ... okay on input line 22.
LaTeX Font Info:    Checking defaults for U/cmr/m/n on input line 22.
LaTeX Font Info:    ... okay on input line 22.
Package biblatex Info: Trying to load language 'english'...
Package biblatex Info: ... file 'english.lbx' found.
(/usr/local/texlive/2020/texmf-dist/tex/latex/biblatex/lbx/english.lbx
File: english.lbx 2019/12/01 v3.14 biblatex localization (PK/MW)
)
Package biblatex Info: Input encoding 'utf8' detected.
Package biblatex Info: Automatic encoding selection.
(biblatex)             Assuming data encoding 'utf8'.
\openout3 = `my_pub.bcf'.

Package biblatex Info: Trying to load bibliographic data...
Package biblatex Info: ... file 'my_pub.bbl' found.
(./my_pub.bbl)
Package biblatex Info: Reference section=0 on input line 22.
Package biblatex Info: Reference segment=0 on input line 22.
--- file my_pub.css ---
) [1] [2] [3] [4] [5] [6] [7] [8] (./my_pub.aux)
Package logreq Info: Writing requests to 'my_pub.run.xml'.
\openout1 = `my_pub.run.xml'.

 ) 
Here is how much of TeX's memory you used:
 12663 strings out of 480609
 211440 string characters out of 5903656
 867758 words of memory out of 5000000
 28342 multiletter control sequences out of 15000+600000
 538549 words of font info for 47 fonts, out of 8000000 for 9000
 1141 hyphenation exceptions out of 8191
 38i,4n,45p,1333b,1314s stack positions out of 5000i,500n,10000p,200000b,80000s

Output written on my_pub.dvi (265 pages, 105204 bytes).
